c:\users\rayna\documents\lahorde\quete n°3\github\asteroids\asteroids\x64\debug\vc143.pdb
c:\users\rayna\documents\lahorde\quete n°3\github\asteroids\asteroids\x64\debug\vc143.idb
c:\users\rayna\documents\lahorde\quete n°3\github\asteroids\asteroids\x64\debug\variable.obj
c:\users\rayna\documents\lahorde\quete n°3\github\asteroids\asteroids\x64\debug\mian.obj
c:\users\rayna\documents\lahorde\quete n°3\github\asteroids\asteroids\x64\debug\init.obj
c:\users\rayna\documents\lahorde\quete n°3\github\asteroids\asteroids\x64\debug\sprite.obj
c:\users\rayna\documents\lahorde\quete n°3\github\asteroids\asteroids\x64\debug\mian.obj.enc
c:\users\rayna\documents\lahorde\quete n°3\github\asteroids\asteroids\x64\debug\sprite.obj.enc
c:\users\rayna\documents\lahorde\quete n°3\github\asteroids\asteroids\x64\debug\asteroids.pdb
c:\users\rayna\documents\lahorde\quete n°3\github\asteroids\asteroids\x64\debug\asteroids.tlog\cl.command.1.tlog
c:\users\rayna\documents\lahorde\quete n°3\github\asteroids\asteroids\x64\debug\asteroids.tlog\cl.items.tlog
c:\users\rayna\documents\lahorde\quete n°3\github\asteroids\asteroids\x64\debug\asteroids.tlog\cl.read.1.tlog
c:\users\rayna\documents\lahorde\quete n°3\github\asteroids\asteroids\x64\debug\asteroids.tlog\cl.write.1.tlog
c:\users\rayna\documents\lahorde\quete n°3\github\asteroids\asteroids\x64\debug\asteroids.tlog\link.66924-cvtres.read.1.tlog
c:\users\rayna\documents\lahorde\quete n°3\github\asteroids\asteroids\x64\debug\asteroids.tlog\link.66924-cvtres.write.1.tlog
c:\users\rayna\documents\lahorde\quete n°3\github\asteroids\asteroids\x64\debug\asteroids.tlog\link.66924-rc.read.1.tlog
c:\users\rayna\documents\lahorde\quete n°3\github\asteroids\asteroids\x64\debug\asteroids.tlog\link.66924-rc.write.1.tlog
c:\users\rayna\documents\lahorde\quete n°3\github\asteroids\asteroids\x64\debug\asteroids.tlog\link.66924.read.1.tlog
c:\users\rayna\documents\lahorde\quete n°3\github\asteroids\asteroids\x64\debug\asteroids.tlog\link.66924.read.2.tlog
c:\users\rayna\documents\lahorde\quete n°3\github\asteroids\asteroids\x64\debug\asteroids.tlog\link.66924.read.3.tlog
c:\users\rayna\documents\lahorde\quete n°3\github\asteroids\asteroids\x64\debug\asteroids.tlog\link.66924.read.4.tlog
c:\users\rayna\documents\lahorde\quete n°3\github\asteroids\asteroids\x64\debug\asteroids.tlog\link.66924.write.1.tlog
c:\users\rayna\documents\lahorde\quete n°3\github\asteroids\asteroids\x64\debug\asteroids.tlog\link.command.1.tlog
c:\users\rayna\documents\lahorde\quete n°3\github\asteroids\asteroids\x64\debug\asteroids.tlog\link.read.1.tlog
c:\users\rayna\documents\lahorde\quete n°3\github\asteroids\asteroids\x64\debug\asteroids.tlog\link.write.1.tlog
